\BOOKMARK [1][-]{section.1}{\376\377\004\022\004\062\004\065\004\064\004\065\004\075\004\070\004\065}{}% 1
\BOOKMARK [1][-]{section.2}{\376\377\004\034\004\065\004\102\004\076\004\064\004\076\004\073\004\076\004\063\004\070\004\117}{}% 2
\BOOKMARK [1][-]{section.3}{\376\377\004\024\004\076\004\077\004\076\004\073\004\075\004\065\004\075\004\070\004\065\000\040\0001\000\040\000S\000C\000S\000V}{}% 3
\BOOKMARK [2][-]{subsection.3.1}{\376\377\004\037\004\100\004\076\004\061\004\073\004\065\004\074\004\060\004\102\004\070\004\072\004\060}{section.3}% 4
\BOOKMARK [2][-]{subsection.3.2}{\376\377\004\040\004\065\004\110\004\065\004\075\004\070\004\065}{section.3}% 5
\BOOKMARK [2][-]{subsection.3.3}{\376\377\004\022\004\113\004\062\004\076\004\064}{section.3}% 6
\BOOKMARK [1][-]{section.4}{\376\377\004\037\004\073\004\060\004\075\004\076\004\062\004\060\004\075\004\076\004\065\000\040\000E\000M\000S}{}% 7
\BOOKMARK [2][-]{subsection.4.1}{\376\377\004\037\004\100\004\076\004\061\004\073\004\065\004\074\004\060\004\102\004\070\004\072\004\060\000\040\000E\000M\000S}{section.4}% 8
\BOOKMARK [2][-]{subsection.4.2}{\376\377\004\032\004\076\004\075\004\106\004\065\004\077\004\102\000\040\004\100\004\065\004\110\004\065\004\075\004\070\004\117\000\040}{section.4}% 9
\BOOKMARK [2][-]{subsection.4.3}{\376\377\004\040\004\065\004\060\004\073\004\114\004\075\004\076\004\065\000\040\004\100\004\065\004\110\004\065\004\075\004\070\004\065}{section.4}% 10
\BOOKMARK [2][-]{subsection.4.4}{\376\377\004\022\004\113\004\062\004\076\004\064}{section.4}% 11
\BOOKMARK [1][-]{section.5}{\376\377\004\037\004\073\004\060\004\075\004\076\004\062\004\060\004\075\004\076\004\065\000\040\000E\000-\000t\000-\000M}{}% 12
\BOOKMARK [2][-]{subsection.5.1}{\376\377\004\037\004\100\004\076\004\061\004\073\004\065\004\074\004\060\004\102\004\070\004\072\004\060}{section.5}% 13
\BOOKMARK [2][-]{subsection.5.2}{\376\377\004\032\004\076\004\075\004\106\004\065\004\077\004\102\000\040\004\100\004\065\004\111\004\065\004\075\004\070\004\117}{section.5}% 14
\BOOKMARK [2][-]{subsection.5.3}{\376\377\004\040\004\065\004\060\004\073\004\114\004\075\004\076\004\065\000\040\004\100\004\065\004\110\004\065\004\075\004\070\004\065}{section.5}% 15
\BOOKMARK [2][-]{subsection.5.4}{\376\377\004\022\004\113\004\062\004\076\004\064}{section.5}% 16
\BOOKMARK [1][-]{section.6}{\376\377\004\037\004\073\004\060\004\075\004\076\004\062\004\060\004\075\004\076\004\065\000\040\000O\000S\000C\000P}{}% 17
\BOOKMARK [2][-]{subsection.6.1}{\376\377\004\037\004\100\004\076\004\061\004\073\004\065\004\074\004\060\004\102\004\070\004\072\004\060}{section.6}% 18
\BOOKMARK [2][-]{subsection.6.2}{\376\377\004\032\004\076\004\075\004\106\004\065\004\077\004\102\000\040\004\100\004\065\004\110\004\065\004\075\004\070\004\117}{section.6}% 19
\BOOKMARK [2][-]{subsection.6.3}{\376\377\004\100\004\065\004\060\004\073\004\114\004\075\004\076\004\065\000\040\004\100\004\065\004\110\004\065\004\075\004\070\004\065\000\040\004\064\004\073\004\117\000\040\000s\000t\000a\000t\000u\000s\000\137\000r\000e\000q\000u\000e\000s\000t}{section.6}% 20
\BOOKMARK [2][-]{subsection.6.4}{\376\377\004\100\004\065\004\060\004\073\004\114\004\075\004\076\004\065\000\040\004\100\004\065\004\110\004\065\004\075\004\070\004\065\000\040\004\064\004\073\004\117\000\040\000s\000t\000a\000t\000u\000s\000\137\000r\000e\000q\000u\000e\000s\000t\000\137\000v\0002}{section.6}% 21
\BOOKMARK [2][-]{subsection.6.5}{\376\377\004\022\004\113\004\062\004\076\004\064}{section.6}% 22
\BOOKMARK [1][-]{section.7}{\376\377\004\077\004\073\004\060\004\075\004\076\004\062\004\060\004\075\004\076\004\065\000\040\004\100\004\060\004\101\004\110\004\070\004\100\004\065\004\075\004\070\004\065\000\040\000x\0005\0000\0009\000v\0003}{}% 23
\BOOKMARK [2][-]{subsection.7.1}{\376\377\004\077\004\100\004\076\004\061\004\073\004\065\004\074\004\060\004\102\004\070\004\072\004\060}{section.7}% 24
\BOOKMARK [2][-]{subsection.7.2}{\376\377\004\032\004\076\004\075\004\106\004\065\004\077\004\102\000\040\004\100\004\065\004\110\004\065\004\075\004\070\004\117}{section.7}% 25
\BOOKMARK [2][-]{subsection.7.3}{\376\377\004\022\004\113\004\062\004\076\004\064}{section.7}% 26
